<?xml version="1.0" encoding="UTF-8"?>
<coverage generated="1750338875371" clover="3.2.0">
  <project timestamp="1750338875371" name="All files">
    <metrics statements="19" coveredstatements="17" conditionals="0" coveredconditionals="0" methods="12" coveredmethods="10" elements="31" coveredelements="27" complexity="0" loc="19" ncloc="19" packages="1" files="4" classes="4"/>
    <file name="blogEventManager.js" path="D:\projects\blogger\backend\notifications\blogEventManager.js">
      <metrics statements="8" coveredstatements="8" conditionals="0" coveredconditionals="0" methods="3" coveredmethods="3"/>
      <line num="1" count="1" type="stmt"/>
      <line num="8" count="3" type="stmt"/>
      <line num="10" count="3" type="stmt"/>
      <line num="12" count="3" type="stmt"/>
      <line num="21" count="3" type="stmt"/>
      <line num="24" count="3" type="stmt"/>
      <line num="32" count="1" type="stmt"/>
      <line num="36" count="1" type="stmt"/>
    </file>
    <file name="eventTypes.js" path="D:\projects\blogger\backend\notifications\eventTypes.js">
      <metrics statements="2" coveredstatements="2" conditionals="0" coveredconditionals="0" methods="1" coveredmethods="1"/>
      <line num="45" count="3" type="stmt"/>
      <line num="53" count="1" type="stmt"/>
    </file>
    <file name="inAppNotificationObserver.js" path="D:\projects\blogger\backend\notifications\inAppNotificationObserver.js">
      <metrics statements="3" coveredstatements="2" conditionals="0" coveredconditionals="0" methods="1" coveredmethods="0"/>
      <line num="1" count="1" type="stmt"/>
      <line num="13" count="0" type="stmt"/>
      <line num="18" count="1" type="stmt"/>
    </file>
    <file name="observerPattern.js" path="D:\projects\blogger\backend\notifications\observerPattern.js">
      <metrics statements="6" coveredstatements="5" conditionals="0" coveredconditionals="0" methods="7" coveredmethods="6"/>
      <line num="24" count="0" type="stmt"/>
      <line num="35" count="3" type="stmt"/>
      <line num="43" count="3" type="stmt"/>
      <line num="51" count="1" type="stmt"/>
      <line num="59" count="3" type="stmt"/>
      <line num="63" count="1" type="stmt"/>
    </file>
  </project>
</coverage>
