{"D:\\projects\\blogger\\backend\\notifications\\blogEventManager.js": {"path":"D:\\projects\\blogger\\backend\\notifications\\blogEventManager.js","statementMap":{"0":{"start":{"line":1,"column":20},"end":{"line":1,"column":48}},"1":{"start":{"line":8,"column":4},"end":{"line":8,"column":12}},"2":{"start":{"line":10,"column":4},"end":{"line":10,"column":23}},"3":{"start":{"line":12,"column":4},"end":{"line":12,"column":34}},"4":{"start":{"line":21,"column":4},"end":{"line":21,"column":30}},"5":{"start":{"line":24,"column":4},"end":{"line":24,"column":24}},"6":{"start":{"line":32,"column":4},"end":{"line":32,"column":25}},"7":{"start":{"line":36,"column":0},"end":{"line":36,"column":34}}},"fnMap":{"0":{"name":"(anonymous_0)","decl":{"start":{"line":7,"column":2},"end":{"line":7,"column":3}},"loc":{"start":{"line":7,"column":16},"end":{"line":13,"column":3}},"line":7},"1":{"name":"(anonymous_1)","decl":{"start":{"line":19,"column":2},"end":{"line":19,"column":3}},"loc":{"start":{"line":19,"column":16},"end":{"line":25,"column":3}},"line":19},"2":{"name":"(anonymous_2)","decl":{"start":{"line":31,"column":2},"end":{"line":31,"column":3}},"loc":{"start":{"line":31,"column":16},"end":{"line":33,"column":3}},"line":31}},"branchMap":{},"s":{"0":1,"1":3,"2":3,"3":3,"4":3,"5":3,"6":1,"7":1},"f":{"0":3,"1":3,"2":1},"b":{},"_coverageSchema":"1a1c01bbd47fc00a2c39e90264f33305004495a9","hash":"6ae7c1675c28af31bea30247388be0797594dcc3"}
,"D:\\projects\\blogger\\backend\\notifications\\eventTypes.js": {"path":"D:\\projects\\blogger\\backend\\notifications\\eventTypes.js","statementMap":{"0":{"start":{"line":45,"column":2},"end":{"line":50,"column":4}},"1":{"start":{"line":53,"column":0},"end":{"line":55,"column":2}}},"fnMap":{"0":{"name":"createBlogEvent","decl":{"start":{"line":44,"column":9},"end":{"line":44,"column":24}},"loc":{"start":{"line":44,"column":48},"end":{"line":51,"column":1}},"line":44}},"branchMap":{},"s":{"0":3,"1":1},"f":{"0":3},"b":{},"_coverageSchema":"1a1c01bbd47fc00a2c39e90264f33305004495a9","hash":"67fd5c67ddb4616bc60bbeae6ce78961fcb423f1"}
,"D:\\projects\\blogger\\backend\\notifications\\inAppNotificationObserver.js": {"path":"D:\\projects\\blogger\\backend\\notifications\\inAppNotificationObserver.js","statementMap":{"0":{"start":{"line":1,"column":21},"end":{"line":1,"column":49}},"1":{"start":{"line":13,"column":4},"end":{"line":13,"column":77}},"2":{"start":{"line":18,"column":0},"end":{"line":18,"column":43}}},"fnMap":{"0":{"name":"(anonymous_0)","decl":{"start":{"line":11,"column":2},"end":{"line":11,"column":3}},"loc":{"start":{"line":11,"column":16},"end":{"line":15,"column":3}},"line":11}},"branchMap":{},"s":{"0":1,"1":0,"2":1},"f":{"0":0},"b":{},"_coverageSchema":"1a1c01bbd47fc00a2c39e90264f33305004495a9","hash":"b809f0fb245ba105716ed83a6060593af3836818"}
,"D:\\projects\\blogger\\backend\\notifications\\observerPattern.js": {"path":"D:\\projects\\blogger\\backend\\notifications\\observerPattern.js","statementMap":{"0":{"start":{"line":24,"column":4},"end":{"line":24,"column":73}},"1":{"start":{"line":35,"column":4},"end":{"line":35,"column":24}},"2":{"start":{"line":43,"column":4},"end":{"line":43,"column":34}},"3":{"start":{"line":51,"column":4},"end":{"line":51,"column":68}},"4":{"start":{"line":51,"column":50},"end":{"line":51,"column":66}},"5":{"start":{"line":59,"column":4},"end":{"line":59,"column":63}},"6":{"start":{"line":59,"column":39},"end":{"line":59,"column":61}},"7":{"start":{"line":63,"column":0},"end":{"line":66,"column":2}}},"fnMap":{"0":{"name":"(anonymous_0)","decl":{"start":{"line":23,"column":2},"end":{"line":23,"column":3}},"loc":{"start":{"line":23,"column":16},"end":{"line":25,"column":3}},"line":23},"1":{"name":"(anonymous_1)","decl":{"start":{"line":33,"column":2},"end":{"line":33,"column":3}},"loc":{"start":{"line":33,"column":16},"end":{"line":36,"column":3}},"line":33},"2":{"name":"(anonymous_2)","decl":{"start":{"line":42,"column":2},"end":{"line":42,"column":3}},"loc":{"start":{"line":42,"column":19},"end":{"line":44,"column":3}},"line":42},"3":{"name":"(anonymous_3)","decl":{"start":{"line":50,"column":2},"end":{"line":50,"column":3}},"loc":{"start":{"line":50,"column":19},"end":{"line":52,"column":3}},"line":50},"4":{"name":"(anonymous_4)","decl":{"start":{"line":51,"column":43},"end":{"line":51,"column":44}},"loc":{"start":{"line":51,"column":50},"end":{"line":51,"column":66}},"line":51},"5":{"name":"(anonymous_5)","decl":{"start":{"line":58,"column":2},"end":{"line":58,"column":3}},"loc":{"start":{"line":58,"column":16},"end":{"line":60,"column":3}},"line":58},"6":{"name":"(anonymous_6)","decl":{"start":{"line":59,"column":27},"end":{"line":59,"column":28}},"loc":{"start":{"line":59,"column":39},"end":{"line":59,"column":61}},"line":59}},"branchMap":{},"s":{"0":0,"1":3,"2":3,"3":1,"4":1,"5":3,"6":2,"7":1},"f":{"0":0,"1":3,"2":3,"3":1,"4":1,"5":3,"6":2},"b":{},"_coverageSchema":"1a1c01bbd47fc00a2c39e90264f33305004495a9","hash":"0e96f73bb66cc912a24067e3df67abe76e575f56"}
}
