TN:
SF:backend\notifications\blogEventManager.js
FN:7,(anonymous_0)
FN:19,(anonymous_1)
FN:31,(anonymous_2)
FNF:3
FNH:3
FNDA:3,(anonymous_0)
FNDA:3,(anonymous_1)
FNDA:1,(anonymous_2)
DA:1,1
DA:8,3
DA:10,3
DA:12,3
DA:21,3
DA:24,3
DA:32,1
DA:36,1
LF:8
LH:8
BRF:0
BRH:0
end_of_record
TN:
SF:backend\notifications\eventTypes.js
FN:44,createBlogEvent
FNF:1
FNH:1
FNDA:3,createBlogEvent
DA:45,3
DA:53,1
LF:2
LH:2
BRF:0
BRH:0
end_of_record
TN:
SF:backend\notifications\inAppNotificationObserver.js
FN:11,(anonymous_0)
FNF:1
FNH:0
FNDA:0,(anonymous_0)
DA:1,1
DA:13,0
DA:18,1
LF:3
LH:2
BRF:0
BRH:0
end_of_record
TN:
SF:backend\notifications\observerPattern.js
FN:23,(anonymous_0)
FN:33,(anonymous_1)
FN:42,(anonymous_2)
FN:50,(anonymous_3)
FN:51,(anonymous_4)
FN:58,(anonymous_5)
FN:59,(anonymous_6)
FNF:7
FNH:6
FNDA:0,(anonymous_0)
FNDA:3,(anonymous_1)
FNDA:3,(anonymous_2)
FNDA:1,(anonymous_3)
FNDA:1,(anonymous_4)
FNDA:3,(anonymous_5)
FNDA:2,(anonymous_6)
DA:24,0
DA:35,3
DA:43,3
DA:51,1
DA:59,3
DA:63,1
LF:6
LH:5
BRF:0
BRH:0
end_of_record
